====================List of quads======================

----------------Global symbol table-----------------------
Name	Type	Size	Offset	InitVal
-=-=-=-=-=-=-=-=-=-=-=-=-=-=-=-=-=-=-=-
printi	function	1		4	0	NULL
prints	function	1		4	4	NULL
readi	function	1		4	8	NULL
gcd	function	2		0	12	NULL
main	function	0		0	12	NULL
----------------Symbol table of printi----------------
Name	Type	Size	Offset	InitVal
-=-=-=-=-=-=-=-=-=-=-=-=-=-=-=-=-=-=-=-
num	int		4	0	NULL
retVal	int		4	4	NULL
----------------Symbol table of prints----------------
Name	Type	Size	Offset	InitVal
-=-=-=-=-=-=-=-=-=-=-=-=-=-=-=-=-=-=-=-
c	char		1	0	NULL
retVal		4	1	NULL
----------------Symbol table of readi----------------
Name	Type	Size	Offset	InitVal
-=-=-=-=-=-=-=-=-=-=-=-=-=-=-=-=-=-=-=-
eP	int		4	0	NULL
retVal	int		4	4	NULL
----------------Symbol table of gcd----------------
Name	Type	Size	Offset	InitVal
-=-=-=-=-=-=-=-=-=-=-=-=-=-=-=-=-=-=-=-
m	int		4	0	NULL
n	int		4	4	NULL
t0	int		4	8	0
t1		0	12	NULL
a	int		4	12	NULL
b	int		4	16	NULL
t2	int		4	20	NULL
gcd	int		4	24	NULL
retVal		4	28	NULL
----------------Symbol table of main----------------
Name	Type	Size	Offset	InitVal
-=-=-=-=-=-=-=-=-=-=-=-=-=-=-=-=-=-=-=-
a	int		4	0	NULL
b	int		4	4	NULL
c	int		4	8	NULL
p	int		4	12	NULL
prints	int		4	16	NULL
.LC0	int		4	20	NULL
.LC1	int		4	24	NULL
readi	int		4	28	NULL
t3	int		8	32	NULL
.LC2	int		4	40	NULL
t4	int		8	44	NULL
.LC3	int		4	52	NULL
printi	int		4	56	NULL
.LC4	int		4	60	NULL
.LC5	int		4	64	NULL
gcd	int		4	68	NULL
.LC6	int		4	72	NULL
t5	int		4	76	0
retVal	int		4	80	NULL
=========================================================
