====================List of quads======================

----------------Global symbol table-----------------------
Name	Type	Size	Offset	InitVal
-=-=-=-=-=-=-=-=-=-=-=-=-=-=-=-=-=-=-=-
printi	function	1		4	0	NULL
prints	function	1		4	4	NULL
readi	function	1		4	8	NULL
main	function	0		0	12	NULL
----------------Symbol table of printi----------------
Name	Type	Size	Offset	InitVal
-=-=-=-=-=-=-=-=-=-=-=-=-=-=-=-=-=-=-=-
num	int		4	0	NULL
retVal	int		4	4	NULL
----------------Symbol table of prints----------------
Name	Type	Size	Offset	InitVal
-=-=-=-=-=-=-=-=-=-=-=-=-=-=-=-=-=-=-=-
c	char		1	0	NULL
retVal		4	1	NULL
----------------Symbol table of readi----------------
Name	Type	Size	Offset	InitVal
-=-=-=-=-=-=-=-=-=-=-=-=-=-=-=-=-=-=-=-
eP	int		4	0	NULL
retVal	int		4	4	NULL
----------------Symbol table of main----------------
Name	Type	Size	Offset	InitVal
-=-=-=-=-=-=-=-=-=-=-=-=-=-=-=-=-=-=-=-
prints	int		4	0	NULL
.LC0	int		4	4	NULL
t0	int		4	8	20
a	int[20]		80	12	NULL
t1	int		4	92	20
b	int[20]		80	96	NULL
p	int		4	176	NULL
n	int		4	180	NULL
x	int		4	184	NULL
i	int		4	188	NULL
y	int		4	192	NULL
z	int		4	196	NULL
.LC1	int		4	200	NULL
readi	int		4	204	NULL
t2	int		8	208	NULL
.LC2	int		4	216	NULL
t3	int		4	220	0
t4		0	224	NULL
t5	int		4	224	NULL
t6	int		8	228	NULL
t7	int		4	236	NULL
.LC3	int		4	240	NULL
t8	int		4	244	0
t9		0	248	NULL
t10	int		4	248	NULL
t11	int		8	252	NULL
t12	int		4	260	NULL
.LC4	int		4	264	NULL
t13	int		4	268	0
t14		0	272	NULL
t15	int		4	272	NULL
t16	int		4	276	NULL
t17	int[20]		4	280	NULL
t18	int		4	284	NULL
t19	int[20]		4	288	NULL
t20	int		4	292	NULL
printi	int		4	296	NULL
.LC5	int		4	300	NULL
.LC6	int		4	304	NULL
t21	int		4	308	0
retVal	int		4	312	NULL
=========================================================
