====================List of quads======================

----------------Global symbol table-----------------------
Name	Type	Size	Offset	InitVal
-=-=-=-=-=-=-=-=-=-=-=-=-=-=-=-=-=-=-=-
printi	function	1		4	0	NULL
readi	function	1		4	4	NULL
prints	function	1		4	8	NULL
t0	int		4	12	10
bsearch	function	4		0	16	NULL
main	function	0		0	16	NULL
----------------Symbol table of printi----------------
Name	Type	Size	Offset	InitVal
-=-=-=-=-=-=-=-=-=-=-=-=-=-=-=-=-=-=-=-
n	int		4	0	NULL
retVal	int		4	4	NULL
----------------Symbol table of readi----------------
Name	Type	Size	Offset	InitVal
-=-=-=-=-=-=-=-=-=-=-=-=-=-=-=-=-=-=-=-
eP	int		4	0	NULL
retVal		4	4	NULL
----------------Symbol table of prints----------------
Name	Type	Size	Offset	InitVal
-=-=-=-=-=-=-=-=-=-=-=-=-=-=-=-=-=-=-=-
str	char		1	0	NULL
retVal	int		4	1	NULL
----------------Symbol table of bsearch----------------
Name	Type	Size	Offset	InitVal
-=-=-=-=-=-=-=-=-=-=-=-=-=-=-=-=-=-=-=-
arr	int [10]		40	0	NULL
left	int		4	40	NULL
right	int		4	44	NULL
key	int		4	48	NULL
mid	int		4	52	NULL
temp	int		4	56	NULL
t1		0	60	NULL
t2		0	60	NULL
t3	int		4	60	NULL
t4	int		4	64	2
t5	int		4	68	NULL
t6	int		4	72	NULL
t7	int [10]		40	76	NULL
t8		0	116	NULL
retVal	int		4	116	NULL
t9	int		4	120	NULL
t10	int [10]		40	124	NULL
t11		0	164	NULL
bsearch		4	164	NULL
t12	int		4	168	1
t13	int		4	172	NULL
t14	int		4	176	1
t15	int		4	180	NULL
t16	int		4	184	1
t17	int		4	188	NULL
----------------Symbol table of main----------------
Name	Type	Size	Offset	InitVal
-=-=-=-=-=-=-=-=-=-=-=-=-=-=-=-=-=-=-=-
n	int		4	0	NULL
p	int		4	4	NULL
i	int		4	8	NULL
x	int		4	12	NULL
value		4	16	NULL
t18	int		4	20	10
a	int[10]		40	24	NULL
prints		4	64	NULL
.LC0	int		4	68	NULL
.LC1	int		4	72	NULL
readi	int		4	76	NULL
t19	int		8	80	NULL
.LC2	int		4	88	NULL
t20	int		4	92	0
t21		0	96	NULL
t22	int		4	96	NULL
t23	int		8	100	NULL
t24	int		4	108	NULL
.LC3	int		4	112	NULL
t25	int		8	116	NULL
retval	int		4	124	NULL
bsearch	int		4	128	NULL
t26	int		4	132	0
t27	int		4	136	1
t28	int		4	140	NULL
t29	int		4	144	1
t30	int		4	148	NULL
t31		0	152	NULL
.LC4	int		4	152	NULL
.LC5	int		4	156	NULL
printi	int		4	160	NULL
.LC6	int		4	164	NULL
t32	int		4	168	0
retVal	int		4	172	NULL
=========================================================
