====================List of quads======================

----------------Global symbol table-----------------------
Name	Type	Size	Offset	InitVal
-=-=-=-=-=-=-=-=-=-=-=-=-=-=-=-=-=-=-=-
printi	function	1		4	0	NULL
prints	function	1		4	4	NULL
readi	function	1		4	8	NULL
fibonacci	function	1		0	12	NULL
factorial		0	12	NULL
main	function	0		0	12	NULL
----------------Symbol table of printi----------------
Name	Type	Size	Offset	InitVal
-=-=-=-=-=-=-=-=-=-=-=-=-=-=-=-=-=-=-=-
num	int		4	0	NULL
retVal	int		4	4	NULL
----------------Symbol table of prints----------------
Name	Type	Size	Offset	InitVal
-=-=-=-=-=-=-=-=-=-=-=-=-=-=-=-=-=-=-=-
c	char		1	0	NULL
retVal		4	1	NULL
----------------Symbol table of readi----------------
Name	Type	Size	Offset	InitVal
-=-=-=-=-=-=-=-=-=-=-=-=-=-=-=-=-=-=-=-
eP	int		4	0	NULL
retVal	int		4	4	NULL
----------------Symbol table of fibonacci----------------
Name	Type	Size	Offset	InitVal
-=-=-=-=-=-=-=-=-=-=-=-=-=-=-=-=-=-=-=-
n	int		4	0	NULL
t0	int		4	4	0
t1		0	8	NULL
t2	int		4	8	0
retVal	int		4	12	NULL
t3	int		4	16	1
t4		0	20	NULL
t5	int		4	20	1
a	int		4	24	NULL
b	int		4	28	NULL
c	int		4	32	NULL
fibonacci	int		4	36	NULL
t6	int		4	40	1
t7	int		4	44	NULL
t8	int		4	48	2
t9	int		4	52	NULL
t10	int		4	56	NULL
----------------Symbol table of factorial----------------
Name	Type	Size	Offset	InitVal
-=-=-=-=-=-=-=-=-=-=-=-=-=-=-=-=-=-=-=-
n		4	0	NULL
t11	int		4	4	0
t12		0	8	NULL
t13	int		4	8	1
retVal	int		4	12	NULL
a	int		4	16	NULL
factorial	int		4	20	NULL
t14	int		4	24	1
t15	int		4	28	NULL
t16	int		4	32	NULL
----------------Symbol table of main----------------
Name	Type	Size	Offset	InitVal
-=-=-=-=-=-=-=-=-=-=-=-=-=-=-=-=-=-=-=-
num	int		4	0	NULL
fact	int		4	4	NULL
fib	int		4	8	NULL
prints	int		4	12	NULL
.LC0	int		4	16	NULL
.LC1	int		4	20	NULL
p	int		4	24	NULL
readi	int		4	28	NULL
t17	int		8	32	NULL
t18	int		4	40	10
t19		0	44	NULL
.LC2	int		4	44	NULL
factorial	int		4	48	NULL
.LC3		4	52	NULL
printi	int		4	56	NULL
.LC4	int		4	60	NULL
.LC5	int		4	64	NULL
.LC6	int		4	68	NULL
t20	int		8	72	NULL
t21	int		4	80	10
t22		0	84	NULL
.LC7	int		4	84	NULL
fibonacci	int		4	88	NULL
.LC8	int		4	92	NULL
.LC9	int		4	96	NULL
.LC10	int		4	100	NULL
t23	int		4	104	0
retVal	int		4	108	NULL
=========================================================
